<?xml version="1.0" encoding="UTF-8"?>
<!-- Generated by org.testng.reporters.JUnitReportReporter -->
<testsuite hostname="APL-1GMXB63" failures="0" tests="1" name="com.wiproOpenCart.LinkTextLocators" time="5.341" errors="0" timestamp="2023-05-18T13:21:24 IST" skipped="0">
  <testcase classname="com.wiproOpenCart.LinkTextLocators" name="LinksLoators" time="5.341"/>
  <system-out/>
</testsuite> <!-- com.wiproOpenCart.LinkTextLocators -->
