<?xml version="1.0" encoding="UTF-8"?>
<!-- Generated by org.testng.reporters.JUnitReportReporter -->
<testsuite hostname="APL-1GMXB63" failures="0" tests="3" name="com.wiproOpenCart.OpenCart_Register" time="9.864" errors="0" timestamp="2023-05-18T12:11:47 IST" skipped="0">
  <testcase classname="com.wiproOpenCart.OpenCart_Register" name="Registrations" time="9.017"/>
  <system-out/>
  <testcase classname="com.wiproOpenCart.OpenCart_Register" name="verifyPageTitle" time="0.018"/>
  <system-out/>
  <testcase classname="com.wiproOpenCart.OpenCart_Register" name="loginWithValidCred" time="0.829"/>
  <system-out/>
</testsuite> <!-- com.wiproOpenCart.OpenCart_Register -->
